\BOOKMARK [1][-]{section.1}{Introduction}{}
\BOOKMARK [1][-]{section.2}{Input Language}{}
\BOOKMARK [2][-]{subsection.2.1}{Differences to Go}{section.2}
\BOOKMARK [2][-]{subsection.2.2}{EBNF}{section.2}
\BOOKMARK [1][-]{section.3}{Output Language}{}
\BOOKMARK [1][-]{section.4}{Scanner}{}
\BOOKMARK [1][-]{section.5}{Parser}{}
\BOOKMARK [1][-]{section.6}{Symbol table}{}
\BOOKMARK [2][-]{subsection.6.1}{Supported data types}{section.6}
\BOOKMARK [2][-]{subsection.6.2}{Local variables and offset calculations}{section.6}
\BOOKMARK [1][-]{section.7}{The code generator}{}
\BOOKMARK [2][-]{subsection.7.1}{Assembly output}{section.7}
\BOOKMARK [2][-]{subsection.7.2}{Register allocation}{section.7}
\BOOKMARK [2][-]{subsection.7.3}{The generation of arithmetical expressions}{section.7}
\BOOKMARK [2][-]{subsection.7.4}{The generation of assignments}{section.7}
\BOOKMARK [2][-]{subsection.7.5}{The generation of conditional expressions}{section.7}
\BOOKMARK [2][-]{subsection.7.6}{The generation of loops}{section.7}
\BOOKMARK [2][-]{subsection.7.7}{The generation of functions}{section.7}
\BOOKMARK [2][-]{subsection.7.8}{Global variable initialization}{section.7}
\BOOKMARK [2][-]{subsection.7.9}{String constants}{section.7}
\BOOKMARK [1][-]{section.8}{Library and run time}{}
\BOOKMARK [2][-]{subsection.8.1}{I/O syscalls}{section.8}
\BOOKMARK [2][-]{subsection.8.2}{The memory manager}{section.8}
\BOOKMARK [1][-]{section.9}{Building}{}
\BOOKMARK [1][-]{section.10}{Testing}{}
